<?xml version="1.0" encoding="UTF-8"?>
<!-- Generated by org.testng.reporters.JUnitReportReporter -->
<testsuite skipped="0" hostname="BilalCheema" name="qaclickacademy.AppiumTest" tests="2" failures="0" timestamp="18 Dec 2018 14:37:40 GMT" time="0.012" errors="0">
  <testcase name="nativeAppAndroid" time="0.000" classname="qaclickacademy.AppiumTest"/>
  <testcase name="iosApps" time="0.012" classname="qaclickacademy.AppiumTest"/>
</testsuite> <!-- qaclickacademy.AppiumTest -->
